<?xml version="1.0" encoding="UTF-8"?>
<!-- Generated by org.testng.reporters.JUnitReportReporter -->
<testsuite hostname="Rishis-MBP.lan" failures="0" tests="1" name="GetResponseBody" time="4.048" errors="0" timestamp="2022-09-27T23:57:48 PDT" skipped="0">
  <testcase classname="GetResponseBody" name="getActivities" time="4.048"/>
  <system-out/>
</testsuite> <!-- GetResponseBody -->
