<?xml version="1.0" encoding="UTF-8"?>
<!-- Generated by org.testng.reporters.JUnitReportReporter -->
<testsuite hostname="Rishis-MBP.lan" failures="0" tests="1" name="PostTest" time="5.561" errors="0" timestamp="2022-09-27T21:39:25 PDT" skipped="0">
  <testcase classname="PostTest" name="postAuthor" time="5.561"/>
  <system-out/>
</testsuite> <!-- PostTest -->
