<?xml version="1.0" encoding="UTF-8"?>
<!-- Generated by org.testng.reporters.JUnitReportReporter -->
<testsuite hostname="Rishis-MBP.lan" failures="0" tests="1" name="GetTest" time="3.049" errors="0" timestamp="2022-09-27T22:09:53 PDT" skipped="0">
  <testcase classname="GetTest" name="getBookFromID" time="3.049"/>
  <system-out/>
</testsuite> <!-- GetTest -->
