<?xml version="1.0" encoding="UTF-8"?>
<!-- Generated by org.testng.reporters.JUnitReportReporter -->
<testsuite hostname="Rishis-MBP.lan" failures="0" tests="1" name="PostTest" time="0.002" errors="0" timestamp="2022-09-27T20:04:25 PDT" skipped="0">
  <testcase classname="PostTest" name="postAuthor" time="0.002"/>
  <system-out/>
</testsuite> <!-- PostTest -->
